In file included from [01m[K/home/jay/socket/src/socket_test/src/udp_test/server_pack.cpp:1[m[K:
[01m[K/home/jay/socket/src/socket_test/include/socket_test/server_pack.h:[m[K In member function â€˜[01m[Kvoid F1Car::UpdateSpeed(double, double, double)[m[Kâ€™:
[01m[K/home/jay/socket/src/socket_test/include/socket_test/server_pack.h:66:47:[m[K [01;31m[Kerror: [m[Kexpected â€˜[01m[K;[m[Kâ€™ before â€˜[01m[K}[m[Kâ€™ token
   66 |                 accel = -throttle * accel_max_
      |                                               [01;31m[K^[m[K
      |                                               [32m[K;[m[K
   67 |             [32m[K}[m[K
      |             [32m[K~[m[K                                  
In file included from [01m[K/home/jay/socket/src/socket_test/src/udp_test/server_pack.cpp:1[m[K:
[01m[K/home/jay/socket/src/socket_test/include/socket_test/server_pack.h:[m[K In member function â€˜[01m[Kvoid F1Car::UpdateSpeed(double, double, double)[m[Kâ€™:
[01m[K/home/jay/socket/src/socket_test/include/socket_test/server_pack.h:66:47:[m[K [01;31m[Kerror: [m[Kexpected â€˜[01m[K;[m[Kâ€™ before â€˜[01m[K}[m[Kâ€™ token
   66 |                 accel = -throttle * accel_max_
      |                                               [01;31m[K^[m[K
      |                                               [32m[K;[m[K
   67 |             [32m[K}[m[K
      |             [32m[K~[m[K                                  
make[2]: *** [CMakeFiles/server_pack.dir/build.make:63ï¼šCMakeFiles/server_pack.dir/src/udp_test/server_pack.cpp.o] é”™è¯¯ 1
make[1]: *** [CMakeFiles/Makefile2:911ï¼šCMakeFiles/server_pack.dir/all] é”™è¯¯ 2
make[1]: *** æ­£åœ¨ç­‰å¾…æœªå®Œæˆçš„ä»»åŠ¡....
make[2]: *** [CMakeFiles/head_udp_src.dir/build.make:63ï¼šCMakeFiles/head_udp_src.dir/src/udp_test/server_pack.cpp.o] é”™è¯¯ 1
make[1]: *** [CMakeFiles/Makefile2:884ï¼šCMakeFiles/head_udp_src.dir/all] é”™è¯¯ 2
In file included from [01m[K/home/jay/socket/src/socket_test/src/udp_test/client.cpp:12[m[K:
[01m[K/home/jay/socket/src/socket_test/include/socket_test/server_pack.h:[m[K In member function â€˜[01m[Kvoid F1Car::UpdateSpeed(double, double, double)[m[Kâ€™:
[01m[K/home/jay/socket/src/socket_test/include/socket_test/server_pack.h:66:47:[m[K [01;31m[Kerror: [m[Kexpected â€˜[01m[K;[m[Kâ€™ before â€˜[01m[K}[m[Kâ€™ token
   66 |                 accel = -throttle * accel_max_
      |                                               [01;31m[K^[m[K
      |                                               [32m[K;[m[K
   67 |             [32m[K}[m[K
      |             [32m[K~[m[K                                  
make[2]: *** [CMakeFiles/client.dir/build.make:63ï¼šCMakeFiles/client.dir/src/udp_test/client.cpp.o] é”™è¯¯ 1
make[1]: *** [CMakeFiles/Makefile2:188ï¼šCMakeFiles/client.dir/all] é”™è¯¯ 2
make: *** [Makefile:141ï¼šall] é”™è¯¯ 2
