[01m[K/home/jay/socket/src/socket_test/src/udp_test/server_pack.cpp:1:10:[m[K [01;31m[Kfatal error: [m[Ksocket_test/server_pack.h: æ²¡æœ‰é‚£ä¸ªæ–‡ä»¶æˆ–ç›®å½•
    1 | #include [01;31m[K"socket_test/server_pack.h"[m[K
      |          [01;31m[K^~~~~~~~~~~~~~~~~~~~~~~~~~~[m[K
compilation terminated.
make[2]: *** [CMakeFiles/socket_test.dir/build.make:63ï¼šCMakeFiles/socket_test.dir/src/udp_test/server_pack.cpp.o] é”™è¯¯ 1
make[1]: *** [CMakeFiles/Makefile2:672ï¼šCMakeFiles/socket_test.dir/all] é”™è¯¯ 2
make[1]: *** æ­£åœ¨ç­‰å¾…æœªå®Œæˆçš„ä»»åŠ¡....
make: *** [Makefile:141ï¼šall] é”™è¯¯ 2
