[01m[K/home/jay/socket/src/socket_test/src/udp_test/server_pack.cpp:[m[K In member function â€˜[01m[Kvoid ServerPack::HandleAccel(int, int)[m[Kâ€™:
[01m[K/home/jay/socket/src/socket_test/src/udp_test/server_pack.cpp:70:25:[m[K [01;31m[Kerror: [m[Kâ€˜[01m[Kaccel_up[m[Kâ€™ was not declared in this scope; did you mean â€˜[01m[Kaccel_up_[m[Kâ€™?
   70 |     cmd_vel_.linear.x = [01;31m[Kaccel_up[m[K;
      |                         [01;31m[K^~~~~~~~[m[K
      |                         [32m[Kaccel_up_[m[K
[01m[K/home/jay/socket/src/socket_test/src/udp_test/server_pack.cpp:71:25:[m[K [01;31m[Kerror: [m[Kâ€˜[01m[Kaccel_down[m[Kâ€™ was not declared in this scope; did you mean â€˜[01m[Kaccel_down_[m[Kâ€™?
   71 |     cmd_vel_.linear.y = [01;31m[Kaccel_down[m[K;
      |                         [01;31m[K^~~~~~~~~~[m[K
      |                         [32m[Kaccel_down_[m[K
[01m[K/home/jay/socket/src/socket_test/src/udp_test/server_pack.cpp:[m[K In member function â€˜[01m[Kvoid ServerPack::HandleAccel(int, int)[m[Kâ€™:
[01m[K/home/jay/socket/src/socket_test/src/udp_test/server_pack.cpp:70:25:[m[K [01;31m[Kerror: [m[Kâ€˜[01m[Kaccel_up[m[Kâ€™ was not declared in this scope; did you mean â€˜[01m[Kaccel_up_[m[Kâ€™?
   70 |     cmd_vel_.linear.x = [01;31m[Kaccel_up[m[K;
      |                         [01;31m[K^~~~~~~~[m[K
      |                         [32m[Kaccel_up_[m[K
[01m[K/home/jay/socket/src/socket_test/src/udp_test/server_pack.cpp:71:25:[m[K [01;31m[Kerror: [m[Kâ€˜[01m[Kaccel_down[m[Kâ€™ was not declared in this scope; did you mean â€˜[01m[Kaccel_down_[m[Kâ€™?
   71 |     cmd_vel_.linear.y = [01;31m[Kaccel_down[m[K;
      |                         [01;31m[K^~~~~~~~~~[m[K
      |                         [32m[Kaccel_down_[m[K
make[2]: *** [CMakeFiles/server_pack.dir/build.make:63ï¼šCMakeFiles/server_pack.dir/src/udp_test/server_pack.cpp.o] é”™è¯¯ 1
make[1]: *** [CMakeFiles/Makefile2:911ï¼šCMakeFiles/server_pack.dir/all] é”™è¯¯ 2
make[1]: *** æ­£åœ¨ç­‰å¾…æœªå®Œæˆçš„ä»»åŠ¡....
make[2]: *** [CMakeFiles/head_udp_src.dir/build.make:63ï¼šCMakeFiles/head_udp_src.dir/src/udp_test/server_pack.cpp.o] é”™è¯¯ 1
make[1]: *** [CMakeFiles/Makefile2:884ï¼šCMakeFiles/head_udp_src.dir/all] é”™è¯¯ 2
make: *** [Makefile:141ï¼šall] é”™è¯¯ 2
