In file included from [01m[K/home/jay/socket/src/socket_test/src/udp_test/server_pack.cpp:1[m[K:
[01m[K/home/jay/socket/src/socket_test/include/socket_test/server_pack.h:[m[K In constructor ‘[01m[KServerPack::ServerPack(int16_t, int)[m[K’:
[01m[K/home/jay/socket/src/socket_test/include/socket_test/server_pack.h:92:44:[m[K [01;31m[Kerror: [m[Ktype ‘[01m[KF1Car[m[K’ is not a direct base of ‘[01m[KServerPack[m[K’
   92 |     ServerPack(int16_t port,int timeout) : [01;31m[KF1Car[m[K(1.5, 1.5, 50, 0.3, 1.225, 1.5) {}
      |                                            [01;31m[K^~~~~[m[K
[01m[K/home/jay/socket/src/socket_test/src/udp_test/server_pack.cpp:[m[K At global scope:
[01m[K/home/jay/socket/src/socket_test/src/udp_test/server_pack.cpp:9:1:[m[K [01;31m[Kerror: [m[Kredefinition of ‘[01m[KServerPack::ServerPack(int16_t, int)[m[K’
    9 | [01;31m[KServerPack[m[K::ServerPack(int16_t port, int timeout)
      | [01;31m[K^~~~~~~~~~[m[K
In file included from [01m[K/home/jay/socket/src/socket_test/src/udp_test/server_pack.cpp:1[m[K:
[01m[K/home/jay/socket/src/socket_test/include/socket_test/server_pack.h:92:5:[m[K [01;36m[Knote: [m[K‘[01m[KServerPack::ServerPack(int16_t, int)[m[K’ previously defined here
   92 |     [01;36m[KServerPack[m[K(int16_t port,int timeout) : F1Car(1.5, 1.5, 50, 0.3, 1.225, 1.5) {}
      |     [01;36m[K^~~~~~~~~~[m[K
[01m[K/home/jay/socket/src/socket_test/src/udp_test/server_pack.cpp:[m[K In member function ‘[01m[Kvoid ServerPack::HandleAccel(int, int)[m[K’:
[01m[K/home/jay/socket/src/socket_test/src/udp_test/server_pack.cpp:77:9:[m[K [01;31m[Kerror: [m[K‘[01m[Kcar[m[K’ was not declared in this scope; did you mean ‘[01m[Kchar[m[K’?
   77 |         [01;31m[Kcar[m[K.UpdateSpeed(throttle_f,brake_f,dt);
      |         [01;31m[K^~~[m[K
      |         [32m[Kchar[m[K
In file included from [01m[K/home/jay/socket/src/socket_test/src/udp_test/client.cpp:12[m[K:
[01m[K/home/jay/socket/src/socket_test/include/socket_test/server_pack.h:[m[K In constructor ‘[01m[KServerPack::ServerPack(int16_t, int)[m[K’:
[01m[K/home/jay/socket/src/socket_test/include/socket_test/server_pack.h:92:44:[m[K [01;31m[Kerror: [m[Ktype ‘[01m[KF1Car[m[K’ is not a direct base of ‘[01m[KServerPack[m[K’
   92 |     ServerPack(int16_t port,int timeout) : [01;31m[KF1Car[m[K(1.5, 1.5, 50, 0.3, 1.225, 1.5) {}
      |                                            [01;31m[K^~~~~[m[K
In file included from [01m[K/home/jay/socket/src/socket_test/src/udp_test/server_pack.cpp:1[m[K:
[01m[K/home/jay/socket/src/socket_test/include/socket_test/server_pack.h:[m[K In constructor ‘[01m[KServerPack::ServerPack(int16_t, int)[m[K’:
[01m[K/home/jay/socket/src/socket_test/include/socket_test/server_pack.h:92:44:[m[K [01;31m[Kerror: [m[Ktype ‘[01m[KF1Car[m[K’ is not a direct base of ‘[01m[KServerPack[m[K’
   92 |     ServerPack(int16_t port,int timeout) : [01;31m[KF1Car[m[K(1.5, 1.5, 50, 0.3, 1.225, 1.5) {}
      |                                            [01;31m[K^~~~~[m[K
[01m[K/home/jay/socket/src/socket_test/src/udp_test/server_pack.cpp:[m[K At global scope:
[01m[K/home/jay/socket/src/socket_test/src/udp_test/server_pack.cpp:9:1:[m[K [01;31m[Kerror: [m[Kredefinition of ‘[01m[KServerPack::ServerPack(int16_t, int)[m[K’
    9 | [01;31m[KServerPack[m[K::ServerPack(int16_t port, int timeout)
      | [01;31m[K^~~~~~~~~~[m[K
In file included from [01m[K/home/jay/socket/src/socket_test/src/udp_test/server_pack.cpp:1[m[K:
[01m[K/home/jay/socket/src/socket_test/include/socket_test/server_pack.h:92:5:[m[K [01;36m[Knote: [m[K‘[01m[KServerPack::ServerPack(int16_t, int)[m[K’ previously defined here
   92 |     [01;36m[KServerPack[m[K(int16_t port,int timeout) : F1Car(1.5, 1.5, 50, 0.3, 1.225, 1.5) {}
      |     [01;36m[K^~~~~~~~~~[m[K
[01m[K/home/jay/socket/src/socket_test/src/udp_test/server_pack.cpp:[m[K In member function ‘[01m[Kvoid ServerPack::HandleAccel(int, int)[m[K’:
[01m[K/home/jay/socket/src/socket_test/src/udp_test/server_pack.cpp:77:9:[m[K [01;31m[Kerror: [m[K‘[01m[Kcar[m[K’ was not declared in this scope; did you mean ‘[01m[Kchar[m[K’?
   77 |         [01;31m[Kcar[m[K.UpdateSpeed(throttle_f,brake_f,dt);
      |         [01;31m[K^~~[m[K
      |         [32m[Kchar[m[K
make[2]: *** [CMakeFiles/server_pack.dir/build.make:63：CMakeFiles/server_pack.dir/src/udp_test/server_pack.cpp.o] 错误 1
make[1]: *** [CMakeFiles/Makefile2:911：CMakeFiles/server_pack.dir/all] 错误 2
make[1]: *** 正在等待未完成的任务....
make[2]: *** [CMakeFiles/head_udp_src.dir/build.make:63：CMakeFiles/head_udp_src.dir/src/udp_test/server_pack.cpp.o] 错误 1
make[1]: *** [CMakeFiles/Makefile2:884：CMakeFiles/head_udp_src.dir/all] 错误 2
make[2]: *** [CMakeFiles/client.dir/build.make:63：CMakeFiles/client.dir/src/udp_test/client.cpp.o] 错误 1
make[1]: *** [CMakeFiles/Makefile2:188：CMakeFiles/client.dir/all] 错误 2
make: *** [Makefile:141：all] 错误 2
