In file included from [01m[K/home/jay/socket/src/socket_test/src/udp_test/server_pack.cpp:1[m[K:
[01m[K/home/jay/socket/src/socket_test/include/socket_test/server_pack.h:[m[K In member function ‘[01m[Kvoid F1Car::UpdateSpeed(double, double, double)[m[K’:
[01m[K/home/jay/socket/src/socket_test/include/socket_test/server_pack.h:66:47:[m[K [01;31m[Kerror: [m[Kexpected ‘[01m[K;[m[K’ before ‘[01m[K}[m[K’ token
   66 |                 accel = -throttle * accel_max_
      |                                               [01;31m[K^[m[K
      |                                               [32m[K;[m[K
   67 |             [32m[K}[m[K
      |             [32m[K~[m[K                                  
In file included from [01m[K/home/jay/socket/src/socket_test/src/udp_test/server_pack.cpp:1[m[K:
[01m[K/home/jay/socket/src/socket_test/include/socket_test/server_pack.h:[m[K In member function ‘[01m[Kvoid F1Car::UpdateSpeed(double, double, double)[m[K’:
[01m[K/home/jay/socket/src/socket_test/include/socket_test/server_pack.h:66:47:[m[K [01;31m[Kerror: [m[Kexpected ‘[01m[K;[m[K’ before ‘[01m[K}[m[K’ token
   66 |                 accel = -throttle * accel_max_
      |                                               [01;31m[K^[m[K
      |                                               [32m[K;[m[K
   67 |             [32m[K}[m[K
      |             [32m[K~[m[K                                  
make[2]: *** [CMakeFiles/server_pack.dir/build.make:63：CMakeFiles/server_pack.dir/src/udp_test/server_pack.cpp.o] 错误 1
make[1]: *** [CMakeFiles/Makefile2:911：CMakeFiles/server_pack.dir/all] 错误 2
make[1]: *** 正在等待未完成的任务....
make[2]: *** [CMakeFiles/head_udp_src.dir/build.make:63：CMakeFiles/head_udp_src.dir/src/udp_test/server_pack.cpp.o] 错误 1
make[1]: *** [CMakeFiles/Makefile2:884：CMakeFiles/head_udp_src.dir/all] 错误 2
In file included from [01m[K/home/jay/socket/src/socket_test/src/udp_test/client.cpp:12[m[K:
[01m[K/home/jay/socket/src/socket_test/include/socket_test/server_pack.h:[m[K In member function ‘[01m[Kvoid F1Car::UpdateSpeed(double, double, double)[m[K’:
[01m[K/home/jay/socket/src/socket_test/include/socket_test/server_pack.h:66:47:[m[K [01;31m[Kerror: [m[Kexpected ‘[01m[K;[m[K’ before ‘[01m[K}[m[K’ token
   66 |                 accel = -throttle * accel_max_
      |                                               [01;31m[K^[m[K
      |                                               [32m[K;[m[K
   67 |             [32m[K}[m[K
      |             [32m[K~[m[K                                  
make[2]: *** [CMakeFiles/client.dir/build.make:63：CMakeFiles/client.dir/src/udp_test/client.cpp.o] 错误 1
make[1]: *** [CMakeFiles/Makefile2:188：CMakeFiles/client.dir/all] 错误 2
make: *** [Makefile:141：all] 错误 2
