In file included from [01m[K/home/jay/socket/src/socket_test/src/udp_test/server_pack.cpp:1[m[K:
[01m[K/home/jay/socket/src/socket_test/include/socket_test/server_pack.h:47:11:[m[K [01;31m[Kerror: [m[Kexpected ‚Äò[01m[K,[m[K‚Äô or ‚Äò[01m[K...[m[K‚Äô before ‚Äò[01m[Kdouble[m[K‚Äô
   47 |           [01;31m[Kdouble[m[K engine_map_gap) :
      |           [01;31m[K^~~~~~[m[K
[01m[K/home/jay/socket/src/socket_test/include/socket_test/server_pack.h:[m[K In constructor ‚Äò[01m[KF1Car::F1Car(double, double, double, double, double, double)[m[K‚Äô:
[01m[K/home/jay/socket/src/socket_test/include/socket_test/server_pack.h:49:84:[m[K [01;31m[Kerror: [m[K‚Äò[01m[Kengine_map_gap[m[K‚Äô was not declared in this scope; did you mean ‚Äò[01m[Kengine_map_gap_[m[K‚Äô?
   49 |         Cd(airResisitanceCoeff), rho(airDenisity), A(frontalArea), engine_map_gap_([01;31m[Kengine_map_gap[m[K) {}
      |                                                                                    [01;31m[K^~~~~~~~~~~~~~[m[K
      |                                                                                    [32m[Kengine_map_gap_[m[K
[01m[K/home/jay/socket/src/socket_test/src/udp_test/server_pack.cpp:[m[K In member function ‚Äò[01m[Kvoid ServerPack::HandleAccel(int, int, int)[m[K‚Äô:
[01m[K/home/jay/socket/src/socket_test/src/udp_test/server_pack.cpp:105:54:[m[K [01;31m[Kerror: [m[Kno matching function for call to ‚Äò[01m[KF1Car::F1Car(double, double, double, double, double, double, double)[m[K‚Äô
  105 |     static F1Car car(1.5, 0.3, 1.225 ,1.5,0.3,0.2,0.2[01;31m[K)[m[K;
      |                                                      [01;31m[K^[m[K
In file included from [01m[K/home/jay/socket/src/socket_test/src/udp_test/server_pack.cpp:1[m[K:
[01m[K/home/jay/socket/src/socket_test/include/socket_test/server_pack.h:46:5:[m[K [01;36m[Knote: [m[Kcandidate: ‚Äò[01m[KF1Car::F1Car(double, double, double, double, double, double)[m[K‚Äô
   46 |     [01;36m[KF1Car[m[K(double speed_max, double airResisitanceCoeff, double airDenisity, double frontalArea, double accel_max, double decel_max
      |     [01;36m[K^~~~~[m[K
[01m[K/home/jay/socket/src/socket_test/include/socket_test/server_pack.h:46:5:[m[K [01;36m[Knote: [m[K  candidate expects 6 arguments, 7 provided
[01m[K/home/jay/socket/src/socket_test/include/socket_test/server_pack.h:23:7:[m[K [01;36m[Knote: [m[Kcandidate: ‚Äò[01m[Kconstexpr F1Car::F1Car(const F1Car&)[m[K‚Äô
   23 | class [01;36m[KF1Car[m[K
      |       [01;36m[K^~~~~[m[K
[01m[K/home/jay/socket/src/socket_test/include/socket_test/server_pack.h:23:7:[m[K [01;36m[Knote: [m[K  candidate expects 1 argument, 7 provided
[01m[K/home/jay/socket/src/socket_test/include/socket_test/server_pack.h:23:7:[m[K [01;36m[Knote: [m[Kcandidate: ‚Äò[01m[Kconstexpr F1Car::F1Car(F1Car&&)[m[K‚Äô
[01m[K/home/jay/socket/src/socket_test/include/socket_test/server_pack.h:23:7:[m[K [01;36m[Knote: [m[K  candidate expects 1 argument, 7 provided
In file included from [01m[K/home/jay/socket/src/socket_test/src/udp_test/server_pack.cpp:1[m[K:
[01m[K/home/jay/socket/src/socket_test/include/socket_test/server_pack.h:47:11:[m[K [01;31m[Kerror: [m[Kexpected ‚Äò[01m[K,[m[K‚Äô or ‚Äò[01m[K...[m[K‚Äô before ‚Äò[01m[Kdouble[m[K‚Äô
   47 |           [01;31m[Kdouble[m[K engine_map_gap) :
      |           [01;31m[K^~~~~~[m[K
[01m[K/home/jay/socket/src/socket_test/include/socket_test/server_pack.h:[m[K In constructor ‚Äò[01m[KF1Car::F1Car(double, double, double, double, double, double)[m[K‚Äô:
[01m[K/home/jay/socket/src/socket_test/include/socket_test/server_pack.h:49:84:[m[K [01;31m[Kerror: [m[K‚Äò[01m[Kengine_map_gap[m[K‚Äô was not declared in this scope; did you mean ‚Äò[01m[Kengine_map_gap_[m[K‚Äô?
   49 |         Cd(airResisitanceCoeff), rho(airDenisity), A(frontalArea), engine_map_gap_([01;31m[Kengine_map_gap[m[K) {}
      |                                                                                    [01;31m[K^~~~~~~~~~~~~~[m[K
      |                                                                                    [32m[Kengine_map_gap_[m[K
[01m[K/home/jay/socket/src/socket_test/src/udp_test/server_pack.cpp:[m[K In member function ‚Äò[01m[Kvoid ServerPack::HandleAccel(int, int, int)[m[K‚Äô:
[01m[K/home/jay/socket/src/socket_test/src/udp_test/server_pack.cpp:105:54:[m[K [01;31m[Kerror: [m[Kno matching function for call to ‚Äò[01m[KF1Car::F1Car(double, double, double, double, double, double, double)[m[K‚Äô
  105 |     static F1Car car(1.5, 0.3, 1.225 ,1.5,0.3,0.2,0.2[01;31m[K)[m[K;
      |                                                      [01;31m[K^[m[K
In file included from [01m[K/home/jay/socket/src/socket_test/src/udp_test/server_pack.cpp:1[m[K:
[01m[K/home/jay/socket/src/socket_test/include/socket_test/server_pack.h:46:5:[m[K [01;36m[Knote: [m[Kcandidate: ‚Äò[01m[KF1Car::F1Car(double, double, double, double, double, double)[m[K‚Äô
   46 |     [01;36m[KF1Car[m[K(double speed_max, double airResisitanceCoeff, double airDenisity, double frontalArea, double accel_max, double decel_max
      |     [01;36m[K^~~~~[m[K
[01m[K/home/jay/socket/src/socket_test/include/socket_test/server_pack.h:46:5:[m[K [01;36m[Knote: [m[K  candidate expects 6 arguments, 7 provided
[01m[K/home/jay/socket/src/socket_test/include/socket_test/server_pack.h:23:7:[m[K [01;36m[Knote: [m[Kcandidate: ‚Äò[01m[Kconstexpr F1Car::F1Car(const F1Car&)[m[K‚Äô
   23 | class [01;36m[KF1Car[m[K
      |       [01;36m[K^~~~~[m[K
[01m[K/home/jay/socket/src/socket_test/include/socket_test/server_pack.h:23:7:[m[K [01;36m[Knote: [m[K  candidate expects 1 argument, 7 provided
[01m[K/home/jay/socket/src/socket_test/include/socket_test/server_pack.h:23:7:[m[K [01;36m[Knote: [m[Kcandidate: ‚Äò[01m[Kconstexpr F1Car::F1Car(F1Car&&)[m[K‚Äô
[01m[K/home/jay/socket/src/socket_test/include/socket_test/server_pack.h:23:7:[m[K [01;36m[Knote: [m[K  candidate expects 1 argument, 7 provided
In file included from [01m[K/home/jay/socket/src/socket_test/src/udp_test/client.cpp:12[m[K:
[01m[K/home/jay/socket/src/socket_test/include/socket_test/server_pack.h:47:11:[m[K [01;31m[Kerror: [m[Kexpected ‚Äò[01m[K,[m[K‚Äô or ‚Äò[01m[K...[m[K‚Äô before ‚Äò[01m[Kdouble[m[K‚Äô
   47 |           [01;31m[Kdouble[m[K engine_map_gap) :
      |           [01;31m[K^~~~~~[m[K
[01m[K/home/jay/socket/src/socket_test/include/socket_test/server_pack.h:[m[K In constructor ‚Äò[01m[KF1Car::F1Car(double, double, double, double, double, double)[m[K‚Äô:
[01m[K/home/jay/socket/src/socket_test/include/socket_test/server_pack.h:49:84:[m[K [01;31m[Kerror: [m[K‚Äò[01m[Kengine_map_gap[m[K‚Äô was not declared in this scope; did you mean ‚Äò[01m[Kengine_map_gap_[m[K‚Äô?
   49 |         Cd(airResisitanceCoeff), rho(airDenisity), A(frontalArea), engine_map_gap_([01;31m[Kengine_map_gap[m[K) {}
      |                                                                                    [01;31m[K^~~~~~~~~~~~~~[m[K
      |                                                                                    [32m[Kengine_map_gap_[m[K
In file included from [01m[K/opt/ros/noetic/include/ros/ros.h:40[m[K,
                 from [01m[K/home/jay/socket/src/socket_test/include/socket_test/server_pack.h:2[m[K,
                 from [01m[K/home/jay/socket/src/socket_test/src/udp_test/server_pack.cpp:1[m[K:
[01m[K/home/jay/socket/src/socket_test/include/socket_test/server_pack.h:[m[K In member function ‚Äò[01m[Kvoid F1Car::EngineInput(int)[m[K‚Äô:
[01m[K/opt/ros/noetic/include/ros/console.h:330:22:[m[K [01;35m[Kwarning: [m[Kstatement will never be executed [[01;35m[K-Wswitch-unreachable[m[K]
  330 |     if (ROS_UNLIKELY([01;35m[K![m[K::ros::console::g_initialized)) \
      |                      [01;35m[K^[m[K
[01m[K/opt/ros/noetic/include/ros/console.h:284:47:[m[K [01;36m[Knote: [m[Kin definition of macro ‚Äò[01m[KROS_UNLIKELY[m[K‚Äô
  284 | #define ROS_UNLIKELY(x)     __builtin_expect(([01;36m[Kx[m[K),0)
      |                                               [01;36m[K^[m[K
[01m[K/opt/ros/noetic/include/ros/console.h:337:3:[m[K [01;36m[Knote: [m[Kin expansion of macro ‚Äò[01m[KROSCONSOLE_AUTOINIT[m[K‚Äô
  337 |   [01;36m[KROSCONSOLE_AUTOINIT[m[K; \
      |   [01;36m[K^~~~~~~~~~~~~~~~~~~[m[K
[01m[K/opt/ros/noetic/include/ros/console.h:386:5:[m[K [01;36m[Knote: [m[Kin expansion of macro ‚Äò[01m[KROSCONSOLE_DEFINE_LOCATION[m[K‚Äô
  386 |     [01;36m[KROSCONSOLE_DEFINE_LOCATION[m[K(cond, level, name); \
      |     [01;36m[K^~~~~~~~~~~~~~~~~~~~~~~~~~[m[K
[01m[K/opt/ros/noetic/include/ros/console.h:575:35:[m[K [01;36m[Knote: [m[Kin expansion of macro ‚Äò[01m[KROS_LOG_COND[m[K‚Äô
  575 | #define ROS_LOG(level, name, ...) [01;36m[KROS_LOG_COND[m[K(true, level, name, __VA_ARGS__)
      |                                   [01;36m[K^~~~~~~~~~~~[m[K
[01m[K/opt/ros/noetic/include/rosconsole/macros_generated.h:110:23:[m[K [01;36m[Knote: [m[Kin expansion of macro ‚Äò[01m[KROS_LOG[m[K‚Äô
  110 | #define ROS_INFO(...) [01;36m[KROS_LOG[m[K(::ros::console::levels::Info, ROSCONSOLE_DEFAULT_NAME, __VA_ARGS__)
      |                       [01;36m[K^~~~~~~[m[K
[01m[K/home/jay/socket/src/socket_test/include/socket_test/server_pack.h:63:17:[m[K [01;36m[Knote: [m[Kin expansion of macro ‚Äò[01m[KROS_INFO[m[K‚Äô
   63 |                 [01;36m[KROS_INFO[m[K("engine: %d", engine);
      |                 [01;36m[K^~~~~~~~[m[K
make[2]: *** [CMakeFiles/server_pack.dir/build.make:63ÔºöCMakeFiles/server_pack.dir/src/udp_test/server_pack.cpp.o] ÈîôËØØ 1
make[1]: *** [CMakeFiles/Makefile2:911ÔºöCMakeFiles/server_pack.dir/all] ÈîôËØØ 2
make[1]: *** Ê≠£Âú®Á≠âÂæÖÊú™ÂÆåÊàêÁöÑ‰ªªÂä°....
In file included from [01m[K/opt/ros/noetic/include/ros/ros.h:40[m[K,
                 from [01m[K/home/jay/socket/src/socket_test/include/socket_test/server_pack.h:2[m[K,
                 from [01m[K/home/jay/socket/src/socket_test/src/udp_test/server_pack.cpp:1[m[K:
[01m[K/home/jay/socket/src/socket_test/include/socket_test/server_pack.h:[m[K In member function ‚Äò[01m[Kvoid F1Car::EngineInput(int)[m[K‚Äô:
[01m[K/opt/ros/noetic/include/ros/console.h:330:22:[m[K [01;35m[Kwarning: [m[Kstatement will never be executed [[01;35m[K-Wswitch-unreachable[m[K]
  330 |     if (ROS_UNLIKELY([01;35m[K![m[K::ros::console::g_initialized)) \
      |                      [01;35m[K^[m[K
[01m[K/opt/ros/noetic/include/ros/console.h:284:47:[m[K [01;36m[Knote: [m[Kin definition of macro ‚Äò[01m[KROS_UNLIKELY[m[K‚Äô
  284 | #define ROS_UNLIKELY(x)     __builtin_expect(([01;36m[Kx[m[K),0)
      |                                               [01;36m[K^[m[K
[01m[K/opt/ros/noetic/include/ros/console.h:337:3:[m[K [01;36m[Knote: [m[Kin expansion of macro ‚Äò[01m[KROSCONSOLE_AUTOINIT[m[K‚Äô
  337 |   [01;36m[KROSCONSOLE_AUTOINIT[m[K; \
      |   [01;36m[K^~~~~~~~~~~~~~~~~~~[m[K
[01m[K/opt/ros/noetic/include/ros/console.h:386:5:[m[K [01;36m[Knote: [m[Kin expansion of macro ‚Äò[01m[KROSCONSOLE_DEFINE_LOCATION[m[K‚Äô
  386 |     [01;36m[KROSCONSOLE_DEFINE_LOCATION[m[K(cond, level, name); \
      |     [01;36m[K^~~~~~~~~~~~~~~~~~~~~~~~~~[m[K
[01m[K/opt/ros/noetic/include/ros/console.h:575:35:[m[K [01;36m[Knote: [m[Kin expansion of macro ‚Äò[01m[KROS_LOG_COND[m[K‚Äô
  575 | #define ROS_LOG(level, name, ...) [01;36m[KROS_LOG_COND[m[K(true, level, name, __VA_ARGS__)
      |                                   [01;36m[K^~~~~~~~~~~~[m[K
[01m[K/opt/ros/noetic/include/rosconsole/macros_generated.h:110:23:[m[K [01;36m[Knote: [m[Kin expansion of macro ‚Äò[01m[KROS_LOG[m[K‚Äô
  110 | #define ROS_INFO(...) [01;36m[KROS_LOG[m[K(::ros::console::levels::Info, ROSCONSOLE_DEFAULT_NAME, __VA_ARGS__)
      |                       [01;36m[K^~~~~~~[m[K
[01m[K/home/jay/socket/src/socket_test/include/socket_test/server_pack.h:63:17:[m[K [01;36m[Knote: [m[Kin expansion of macro ‚Äò[01m[KROS_INFO[m[K‚Äô
   63 |                 [01;36m[KROS_INFO[m[K("engine: %d", engine);
      |                 [01;36m[K^~~~~~~~[m[K
make[2]: *** [CMakeFiles/head_udp_src.dir/build.make:63ÔºöCMakeFiles/head_udp_src.dir/src/udp_test/server_pack.cpp.o] ÈîôËØØ 1
make[1]: *** [CMakeFiles/Makefile2:884ÔºöCMakeFiles/head_udp_src.dir/all] ÈîôËØØ 2
make[2]: *** [CMakeFiles/client.dir/build.make:63ÔºöCMakeFiles/client.dir/src/udp_test/client.cpp.o] ÈîôËØØ 1
make[1]: *** [CMakeFiles/Makefile2:188ÔºöCMakeFiles/client.dir/all] ÈîôËØØ 2
make: *** [Makefile:141Ôºöall] ÈîôËØØ 2
