In file included from [01m[K/home/jay/socket/src/socket_test/src/udp_test/server_pack.cpp:1[m[K:
[01m[K/home/jay/socket/src/socket_test/include/socket_test/server_pack.h:119:5:[m[K [01;31m[Kerror: [m[Kâ€˜[01m[Knav_msgs[m[Kâ€™ does not name a type
  119 |     [01;31m[Knav_msgs[m[K::Odometry odom_;
      |     [01;31m[K^~~~~~~~[m[K
[01m[K/home/jay/socket/src/socket_test/include/socket_test/server_pack.h:130:32:[m[K [01;31m[Kerror: [m[Kâ€˜[01m[Knav_msgs[m[Kâ€™ does not name a type
  130 |     void OdomMsgCallback(const [01;31m[Knav_msgs[m[K::Odometry::ConstPtr& msg);
      |                                [01;31m[K^~~~~~~~[m[K
[01m[K/home/jay/socket/src/socket_test/include/socket_test/server_pack.h:130:50:[m[K [01;31m[Kerror: [m[Kexpected unqualified-id before â€˜[01m[K::[m[Kâ€™ token
  130 |     void OdomMsgCallback(const nav_msgs::Odometry[01;31m[K::[m[KConstPtr& msg);
      |                                                  [01;31m[K^~[m[K
[01m[K/home/jay/socket/src/socket_test/include/socket_test/server_pack.h:130:50:[m[K [01;31m[Kerror: [m[Kexpected â€˜[01m[K)[m[Kâ€™ before â€˜[01m[K::[m[Kâ€™ token
  130 |     void OdomMsgCallback[34m[K([m[Kconst nav_msgs::Odometry[01;31m[K:[m[K[32m[K:[m[KConstPtr& msg);
      |                         [34m[K~[m[K                        [01;31m[K^[m[K[32m[K~[m[K
      |                                                  [32m[K)[m[K
[01m[K/home/jay/socket/src/socket_test/include/socket_test/server_pack.h:130:42:[m[K [01;31m[Kerror: [m[Kexpected â€˜[01m[K;[m[Kâ€™ at end of member declaration
  130 |     void OdomMsgCallback(const nav_msgs::[01;31m[KOdometry[m[K::ConstPtr& msg);
      |                                          [01;31m[K^~~~~~~~[m[K
      |                                                  [32m[K;[m[K
[01m[K/home/jay/socket/src/socket_test/include/socket_test/server_pack.h:130:52:[m[K [01;31m[Kerror: [m[Kâ€˜[01m[KConstPtr[m[Kâ€™ in namespace â€˜[01m[K::[m[Kâ€™ does not name a type
  130 |     void OdomMsgCallback(const nav_msgs::Odometry::[01;31m[KConstPtr[m[K& msg);
      |                                                    [01;31m[K^~~~~~~~[m[K
[01m[K/home/jay/socket/src/socket_test/src/udp_test/server_pack.cpp:[m[K In constructor â€˜[01m[KServerPack::ServerPack(int16_t, int)[m[Kâ€™:
[01m[K/home/jay/socket/src/socket_test/src/udp_test/server_pack.cpp:12:56:[m[K [01;31m[Kerror: [m[Kâ€˜[01m[KOdomCallback[m[Kâ€™ is not a member of â€˜[01m[KServerPack[m[Kâ€™
   12 |     odom_sub_ = nh_.subscribe("/odom", 1, &ServerPack::[01;31m[KOdomCallback[m[K, this);
      |                                                        [01;31m[K^~~~~~~~~~~~[m[K
[01m[K/home/jay/socket/src/socket_test/src/udp_test/server_pack.cpp:[m[K At global scope:
[01m[K/home/jay/socket/src/socket_test/src/udp_test/server_pack.cpp:63:32:[m[K [01;31m[Kerror: [m[Kâ€˜[01m[Knav_msgs[m[Kâ€™ does not name a type
   63 | ServerPack::OdomCallback(const [01;31m[Knav_msgs[m[K::Odometry::ConstPtr& msg)
      |                                [01;31m[K^~~~~~~~[m[K
[01m[K/home/jay/socket/src/socket_test/src/udp_test/server_pack.cpp:63:50:[m[K [01;31m[Kerror: [m[Kexpected unqualified-id before â€˜[01m[K::[m[Kâ€™ token
   63 | ServerPack::OdomCallback(const nav_msgs::Odometry[01;31m[K::[m[KConstPtr& msg)
      |                                                  [01;31m[K^~[m[K
[01m[K/home/jay/socket/src/socket_test/src/udp_test/server_pack.cpp:63:50:[m[K [01;31m[Kerror: [m[Kexpected â€˜[01m[K)[m[Kâ€™ before â€˜[01m[K::[m[Kâ€™ token
   63 | ServerPack::OdomCallback[34m[K([m[Kconst nav_msgs::Odometry[01;31m[K:[m[K[32m[K:[m[KConstPtr& msg)
      |                         [34m[K~[m[K                        [01;31m[K^[m[K[32m[K~[m[K
      |                                                  [32m[K)[m[K
[01m[K/home/jay/socket/src/socket_test/src/udp_test/server_pack.cpp:63:50:[m[K [01;31m[Kerror: [m[Kexpected constructor, destructor, or type conversion before â€˜[01m[K::[m[Kâ€™ token
   63 | ServerPack::OdomCallback(const nav_msgs::Odometry[01;31m[K::[m[KConstPtr& msg)
      |                                                  [01;31m[K^~[m[K
[01m[K/home/jay/socket/src/socket_test/src/udp_test/server_pack.cpp:[m[K In member function â€˜[01m[Kvoid ServerPack::HandleAccel(int, int, int)[m[Kâ€™:
[01m[K/home/jay/socket/src/socket_test/src/udp_test/server_pack.cpp:110:24:[m[K [01;31m[Kerror: [m[Kâ€˜[01m[Kodom_[m[Kâ€™ was not declared in this scope
  110 |     car.RealSpeedInput([01;31m[Kodom_[m[K.twist.twist.linear.x);
      |                        [01;31m[K^~~~~[m[K
In file included from [01m[K/home/jay/socket/src/socket_test/src/udp_test/client.cpp:12[m[K:
[01m[K/home/jay/socket/src/socket_test/include/socket_test/server_pack.h:119:5:[m[K [01;31m[Kerror: [m[Kâ€˜[01m[Knav_msgs[m[Kâ€™ does not name a type
  119 |     [01;31m[Knav_msgs[m[K::Odometry odom_;
      |     [01;31m[K^~~~~~~~[m[K
[01m[K/home/jay/socket/src/socket_test/include/socket_test/server_pack.h:130:32:[m[K [01;31m[Kerror: [m[Kâ€˜[01m[Knav_msgs[m[Kâ€™ does not name a type
  130 |     void OdomMsgCallback(const [01;31m[Knav_msgs[m[K::Odometry::ConstPtr& msg);
      |                                [01;31m[K^~~~~~~~[m[K
[01m[K/home/jay/socket/src/socket_test/include/socket_test/server_pack.h:130:50:[m[K [01;31m[Kerror: [m[Kexpected unqualified-id before â€˜[01m[K::[m[Kâ€™ token
  130 |     void OdomMsgCallback(const nav_msgs::Odometry[01;31m[K::[m[KConstPtr& msg);
      |                                                  [01;31m[K^~[m[K
[01m[K/home/jay/socket/src/socket_test/include/socket_test/server_pack.h:130:50:[m[K [01;31m[Kerror: [m[Kexpected â€˜[01m[K)[m[Kâ€™ before â€˜[01m[K::[m[Kâ€™ token
  130 |     void OdomMsgCallback[34m[K([m[Kconst nav_msgs::Odometry[01;31m[K:[m[K[32m[K:[m[KConstPtr& msg);
      |                         [34m[K~[m[K                        [01;31m[K^[m[K[32m[K~[m[K
      |                                                  [32m[K)[m[K
[01m[K/home/jay/socket/src/socket_test/include/socket_test/server_pack.h:130:42:[m[K [01;31m[Kerror: [m[Kexpected â€˜[01m[K;[m[Kâ€™ at end of member declaration
  130 |     void OdomMsgCallback(const nav_msgs::[01;31m[KOdometry[m[K::ConstPtr& msg);
      |                                          [01;31m[K^~~~~~~~[m[K
      |                                                  [32m[K;[m[K
In file included from [01m[K/home/jay/socket/src/socket_test/src/udp_test/server_pack.cpp:1[m[K:
[01m[K/home/jay/socket/src/socket_test/include/socket_test/server_pack.h:119:5:[m[K [01;31m[Kerror: [m[Kâ€˜[01m[Knav_msgs[m[Kâ€™ does not name a type
  119 |     [01;31m[Knav_msgs[m[K::Odometry odom_;
      |     [01;31m[K^~~~~~~~[m[K
[01m[K/home/jay/socket/src/socket_test/include/socket_test/server_pack.h:130:52:[m[K [01;31m[Kerror: [m[Kâ€˜[01m[KConstPtr[m[Kâ€™ in namespace â€˜[01m[K::[m[Kâ€™ does not name a type
  130 |     void OdomMsgCallback(const nav_msgs::Odometry::[01;31m[KConstPtr[m[K& msg);
      |                                                    [01;31m[K^~~~~~~~[m[K
[01m[K/home/jay/socket/src/socket_test/include/socket_test/server_pack.h:130:32:[m[K [01;31m[Kerror: [m[Kâ€˜[01m[Knav_msgs[m[Kâ€™ does not name a type
  130 |     void OdomMsgCallback(const [01;31m[Knav_msgs[m[K::Odometry::ConstPtr& msg);
      |                                [01;31m[K^~~~~~~~[m[K
[01m[K/home/jay/socket/src/socket_test/include/socket_test/server_pack.h:130:50:[m[K [01;31m[Kerror: [m[Kexpected unqualified-id before â€˜[01m[K::[m[Kâ€™ token
  130 |     void OdomMsgCallback(const nav_msgs::Odometry[01;31m[K::[m[KConstPtr& msg);
      |                                                  [01;31m[K^~[m[K
[01m[K/home/jay/socket/src/socket_test/include/socket_test/server_pack.h:130:50:[m[K [01;31m[Kerror: [m[Kexpected â€˜[01m[K)[m[Kâ€™ before â€˜[01m[K::[m[Kâ€™ token
  130 |     void OdomMsgCallback[34m[K([m[Kconst nav_msgs::Odometry[01;31m[K:[m[K[32m[K:[m[KConstPtr& msg);
      |                         [34m[K~[m[K                        [01;31m[K^[m[K[32m[K~[m[K
      |                                                  [32m[K)[m[K
[01m[K/home/jay/socket/src/socket_test/include/socket_test/server_pack.h:130:42:[m[K [01;31m[Kerror: [m[Kexpected â€˜[01m[K;[m[Kâ€™ at end of member declaration
  130 |     void OdomMsgCallback(const nav_msgs::[01;31m[KOdometry[m[K::ConstPtr& msg);
      |                                          [01;31m[K^~~~~~~~[m[K
      |                                                  [32m[K;[m[K
[01m[K/home/jay/socket/src/socket_test/include/socket_test/server_pack.h:130:52:[m[K [01;31m[Kerror: [m[Kâ€˜[01m[KConstPtr[m[Kâ€™ in namespace â€˜[01m[K::[m[Kâ€™ does not name a type
  130 |     void OdomMsgCallback(const nav_msgs::Odometry::[01;31m[KConstPtr[m[K& msg);
      |                                                    [01;31m[K^~~~~~~~[m[K
[01m[K/home/jay/socket/src/socket_test/src/udp_test/server_pack.cpp:[m[K In constructor â€˜[01m[KServerPack::ServerPack(int16_t, int)[m[Kâ€™:
[01m[K/home/jay/socket/src/socket_test/src/udp_test/server_pack.cpp:12:56:[m[K [01;31m[Kerror: [m[Kâ€˜[01m[KOdomCallback[m[Kâ€™ is not a member of â€˜[01m[KServerPack[m[Kâ€™
   12 |     odom_sub_ = nh_.subscribe("/odom", 1, &ServerPack::[01;31m[KOdomCallback[m[K, this);
      |                                                        [01;31m[K^~~~~~~~~~~~[m[K
[01m[K/home/jay/socket/src/socket_test/src/udp_test/server_pack.cpp:[m[K At global scope:
[01m[K/home/jay/socket/src/socket_test/src/udp_test/server_pack.cpp:63:32:[m[K [01;31m[Kerror: [m[Kâ€˜[01m[Knav_msgs[m[Kâ€™ does not name a type
   63 | ServerPack::OdomCallback(const [01;31m[Knav_msgs[m[K::Odometry::ConstPtr& msg)
      |                                [01;31m[K^~~~~~~~[m[K
[01m[K/home/jay/socket/src/socket_test/src/udp_test/server_pack.cpp:63:50:[m[K [01;31m[Kerror: [m[Kexpected unqualified-id before â€˜[01m[K::[m[Kâ€™ token
   63 | ServerPack::OdomCallback(const nav_msgs::Odometry[01;31m[K::[m[KConstPtr& msg)
      |                                                  [01;31m[K^~[m[K
[01m[K/home/jay/socket/src/socket_test/src/udp_test/server_pack.cpp:63:50:[m[K [01;31m[Kerror: [m[Kexpected â€˜[01m[K)[m[Kâ€™ before â€˜[01m[K::[m[Kâ€™ token
   63 | ServerPack::OdomCallback[34m[K([m[Kconst nav_msgs::Odometry[01;31m[K:[m[K[32m[K:[m[KConstPtr& msg)
      |                         [34m[K~[m[K                        [01;31m[K^[m[K[32m[K~[m[K
      |                                                  [32m[K)[m[K
[01m[K/home/jay/socket/src/socket_test/src/udp_test/server_pack.cpp:63:50:[m[K [01;31m[Kerror: [m[Kexpected constructor, destructor, or type conversion before â€˜[01m[K::[m[Kâ€™ token
   63 | ServerPack::OdomCallback(const nav_msgs::Odometry[01;31m[K::[m[KConstPtr& msg)
      |                                                  [01;31m[K^~[m[K
[01m[K/home/jay/socket/src/socket_test/src/udp_test/server_pack.cpp:[m[K In member function â€˜[01m[Kvoid ServerPack::HandleAccel(int, int, int)[m[Kâ€™:
[01m[K/home/jay/socket/src/socket_test/src/udp_test/server_pack.cpp:110:24:[m[K [01;31m[Kerror: [m[Kâ€˜[01m[Kodom_[m[Kâ€™ was not declared in this scope
  110 |     car.RealSpeedInput([01;31m[Kodom_[m[K.twist.twist.linear.x);
      |                        [01;31m[K^~~~~[m[K
make[2]: *** [CMakeFiles/server_pack.dir/build.make:63ï¼šCMakeFiles/server_pack.dir/src/udp_test/server_pack.cpp.o] é”™è¯¯ 1
make[1]: *** [CMakeFiles/Makefile2:911ï¼šCMakeFiles/server_pack.dir/all] é”™è¯¯ 2
make[1]: *** æ­£åœ¨ç­‰å¾…æœªå®Œæˆçš„ä»»åŠ¡....
make[2]: *** [CMakeFiles/head_udp_src.dir/build.make:63ï¼šCMakeFiles/head_udp_src.dir/src/udp_test/server_pack.cpp.o] é”™è¯¯ 1
make[1]: *** [CMakeFiles/Makefile2:884ï¼šCMakeFiles/head_udp_src.dir/all] é”™è¯¯ 2
make[2]: *** [CMakeFiles/client.dir/build.make:63ï¼šCMakeFiles/client.dir/src/udp_test/client.cpp.o] é”™è¯¯ 1
make[1]: *** [CMakeFiles/Makefile2:188ï¼šCMakeFiles/client.dir/all] é”™è¯¯ 2
make: *** [Makefile:141ï¼šall] é”™è¯¯ 2
