In file included from [01m[K/home/jay/socket/src/socket_test/src/udp_test/server_pack.cpp:1[m[K:
[01m[K/home/jay/socket/src/socket_test/include/socket_test/server_pack.h:[m[K In constructor â€˜[01m[KServerPack::ServerPack(int16_t, int)[m[Kâ€™:
[01m[K/home/jay/socket/src/socket_test/include/socket_test/server_pack.h:92:44:[m[K [01;31m[Kerror: [m[Ktype â€˜[01m[KF1Car[m[Kâ€™ is not a direct base of â€˜[01m[KServerPack[m[Kâ€™
   92 |     ServerPack(int16_t port,int timeout) : [01;31m[KF1Car[m[K(1.5, 1.5, 50, 0.3, 1.225, 1.5) {}
      |                                            [01;31m[K^~~~~[m[K
[01m[K/home/jay/socket/src/socket_test/src/udp_test/server_pack.cpp:[m[K At global scope:
[01m[K/home/jay/socket/src/socket_test/src/udp_test/server_pack.cpp:9:1:[m[K [01;31m[Kerror: [m[Kredefinition of â€˜[01m[KServerPack::ServerPack(int16_t, int)[m[Kâ€™
    9 | [01;31m[KServerPack[m[K::ServerPack(int16_t port, int timeout)
      | [01;31m[K^~~~~~~~~~[m[K
In file included from [01m[K/home/jay/socket/src/socket_test/src/udp_test/server_pack.cpp:1[m[K:
[01m[K/home/jay/socket/src/socket_test/include/socket_test/server_pack.h:92:5:[m[K [01;36m[Knote: [m[Kâ€˜[01m[KServerPack::ServerPack(int16_t, int)[m[Kâ€™ previously defined here
   92 |     [01;36m[KServerPack[m[K(int16_t port,int timeout) : F1Car(1.5, 1.5, 50, 0.3, 1.225, 1.5) {}
      |     [01;36m[K^~~~~~~~~~[m[K
[01m[K/home/jay/socket/src/socket_test/src/udp_test/server_pack.cpp:[m[K In member function â€˜[01m[Kvoid ServerPack::HandleAccel(int, int)[m[Kâ€™:
[01m[K/home/jay/socket/src/socket_test/src/udp_test/server_pack.cpp:77:9:[m[K [01;31m[Kerror: [m[Kâ€˜[01m[Kcar[m[Kâ€™ was not declared in this scope; did you mean â€˜[01m[Kchar[m[Kâ€™?
   77 |         [01;31m[Kcar[m[K.UpdateSpeed(throttle_f,brake_f,dt);
      |         [01;31m[K^~~[m[K
      |         [32m[Kchar[m[K
In file included from [01m[K/home/jay/socket/src/socket_test/src/udp_test/client.cpp:12[m[K:
[01m[K/home/jay/socket/src/socket_test/include/socket_test/server_pack.h:[m[K In constructor â€˜[01m[KServerPack::ServerPack(int16_t, int)[m[Kâ€™:
[01m[K/home/jay/socket/src/socket_test/include/socket_test/server_pack.h:92:44:[m[K [01;31m[Kerror: [m[Ktype â€˜[01m[KF1Car[m[Kâ€™ is not a direct base of â€˜[01m[KServerPack[m[Kâ€™
   92 |     ServerPack(int16_t port,int timeout) : [01;31m[KF1Car[m[K(1.5, 1.5, 50, 0.3, 1.225, 1.5) {}
      |                                            [01;31m[K^~~~~[m[K
In file included from [01m[K/home/jay/socket/src/socket_test/src/udp_test/server_pack.cpp:1[m[K:
[01m[K/home/jay/socket/src/socket_test/include/socket_test/server_pack.h:[m[K In constructor â€˜[01m[KServerPack::ServerPack(int16_t, int)[m[Kâ€™:
[01m[K/home/jay/socket/src/socket_test/include/socket_test/server_pack.h:92:44:[m[K [01;31m[Kerror: [m[Ktype â€˜[01m[KF1Car[m[Kâ€™ is not a direct base of â€˜[01m[KServerPack[m[Kâ€™
   92 |     ServerPack(int16_t port,int timeout) : [01;31m[KF1Car[m[K(1.5, 1.5, 50, 0.3, 1.225, 1.5) {}
      |                                            [01;31m[K^~~~~[m[K
[01m[K/home/jay/socket/src/socket_test/src/udp_test/server_pack.cpp:[m[K At global scope:
[01m[K/home/jay/socket/src/socket_test/src/udp_test/server_pack.cpp:9:1:[m[K [01;31m[Kerror: [m[Kredefinition of â€˜[01m[KServerPack::ServerPack(int16_t, int)[m[Kâ€™
    9 | [01;31m[KServerPack[m[K::ServerPack(int16_t port, int timeout)
      | [01;31m[K^~~~~~~~~~[m[K
In file included from [01m[K/home/jay/socket/src/socket_test/src/udp_test/server_pack.cpp:1[m[K:
[01m[K/home/jay/socket/src/socket_test/include/socket_test/server_pack.h:92:5:[m[K [01;36m[Knote: [m[Kâ€˜[01m[KServerPack::ServerPack(int16_t, int)[m[Kâ€™ previously defined here
   92 |     [01;36m[KServerPack[m[K(int16_t port,int timeout) : F1Car(1.5, 1.5, 50, 0.3, 1.225, 1.5) {}
      |     [01;36m[K^~~~~~~~~~[m[K
[01m[K/home/jay/socket/src/socket_test/src/udp_test/server_pack.cpp:[m[K In member function â€˜[01m[Kvoid ServerPack::HandleAccel(int, int)[m[Kâ€™:
[01m[K/home/jay/socket/src/socket_test/src/udp_test/server_pack.cpp:77:9:[m[K [01;31m[Kerror: [m[Kâ€˜[01m[Kcar[m[Kâ€™ was not declared in this scope; did you mean â€˜[01m[Kchar[m[Kâ€™?
   77 |         [01;31m[Kcar[m[K.UpdateSpeed(throttle_f,brake_f,dt);
      |         [01;31m[K^~~[m[K
      |         [32m[Kchar[m[K
make[2]: *** [CMakeFiles/server_pack.dir/build.make:63ï¼šCMakeFiles/server_pack.dir/src/udp_test/server_pack.cpp.o] é”™è¯¯ 1
make[1]: *** [CMakeFiles/Makefile2:911ï¼šCMakeFiles/server_pack.dir/all] é”™è¯¯ 2
make[1]: *** æ­£åœ¨ç­‰å¾…æœªå®Œæˆçš„ä»»åŠ¡....
make[2]: *** [CMakeFiles/head_udp_src.dir/build.make:63ï¼šCMakeFiles/head_udp_src.dir/src/udp_test/server_pack.cpp.o] é”™è¯¯ 1
make[1]: *** [CMakeFiles/Makefile2:884ï¼šCMakeFiles/head_udp_src.dir/all] é”™è¯¯ 2
make[2]: *** [CMakeFiles/client.dir/build.make:63ï¼šCMakeFiles/client.dir/src/udp_test/client.cpp.o] é”™è¯¯ 1
make[1]: *** [CMakeFiles/Makefile2:188ï¼šCMakeFiles/client.dir/all] é”™è¯¯ 2
make: *** [Makefile:141ï¼šall] é”™è¯¯ 2
