[01m[K/home/jay/socket/src/socket_test/src/udp_test/client.cpp:[m[K In function â€˜[01m[Kint main(int, char**)[m[Kâ€™:
[01m[K/home/jay/socket/src/socket_test/src/udp_test/client.cpp:103:13:[m[K [01;31m[Kerror: [m[Kâ€˜[01m[Kbuf[m[Kâ€™ was not declared in this scope
  103 |     sprintf([01;31m[Kbuf[m[K,"%03d%03d%03d",direction,accel_up,accel_down);
      |             [01;31m[K^~~[m[K
make[2]: *** [CMakeFiles/client.dir/build.make:63ï¼šCMakeFiles/client.dir/src/udp_test/client.cpp.o] é”™è¯¯ 1
make[1]: *** [CMakeFiles/Makefile2:188ï¼šCMakeFiles/client.dir/all] é”™è¯¯ 2
make: *** [Makefile:141ï¼šall] é”™è¯¯ 2
