In file included from [01m[K/home/jay/socket/src/socket_test/src/udp_test/server_pack.cpp:1[m[K:
[01m[K/home/jay/socket/src/socket_test/include/socket_test/server_pack.h:104:15:[m[K [01;31m[Kerror: [m[Kexpected identifier before numeric constant
  104 |     F1Car car([01;31m[K10[m[K, 10, 50, 0.3, 1.225 ,1.5);
      |               [01;31m[K^~[m[K
[01m[K/home/jay/socket/src/socket_test/include/socket_test/server_pack.h:104:15:[m[K [01;31m[Kerror: [m[Kexpected ‘[01m[K,[m[K’ or ‘[01m[K...[m[K’ before numeric constant
[01m[K/home/jay/socket/src/socket_test/src/udp_test/server_pack.cpp:[m[K In member function ‘[01m[Kvoid ServerPack::HandleAccel(int, int)[m[K’:
[01m[K/home/jay/socket/src/socket_test/src/udp_test/server_pack.cpp:77:9:[m[K [01;31m[Kerror: [m[K‘[01m[KUpdateSpeed[m[K’ was not declared in this scope
   77 |         [01;31m[KUpdateSpeed[m[K(throttle_f,brake_f,dt);
      |         [01;31m[K^~~~~~~~~~~[m[K
In file included from [01m[K/home/jay/socket/src/socket_test/src/udp_test/client.cpp:12[m[K:
[01m[K/home/jay/socket/src/socket_test/include/socket_test/server_pack.h:104:15:[m[K [01;31m[Kerror: [m[Kexpected identifier before numeric constant
  104 |     F1Car car([01;31m[K10[m[K, 10, 50, 0.3, 1.225 ,1.5);
      |               [01;31m[K^~[m[K
[01m[K/home/jay/socket/src/socket_test/include/socket_test/server_pack.h:104:15:[m[K [01;31m[Kerror: [m[Kexpected ‘[01m[K,[m[K’ or ‘[01m[K...[m[K’ before numeric constant
In file included from [01m[K/home/jay/socket/src/socket_test/src/udp_test/server_pack.cpp:1[m[K:
[01m[K/home/jay/socket/src/socket_test/include/socket_test/server_pack.h:104:15:[m[K [01;31m[Kerror: [m[Kexpected identifier before numeric constant
  104 |     F1Car car([01;31m[K10[m[K, 10, 50, 0.3, 1.225 ,1.5);
      |               [01;31m[K^~[m[K
[01m[K/home/jay/socket/src/socket_test/include/socket_test/server_pack.h:104:15:[m[K [01;31m[Kerror: [m[Kexpected ‘[01m[K,[m[K’ or ‘[01m[K...[m[K’ before numeric constant
[01m[K/home/jay/socket/src/socket_test/src/udp_test/server_pack.cpp:[m[K In member function ‘[01m[Kvoid ServerPack::HandleAccel(int, int)[m[K’:
[01m[K/home/jay/socket/src/socket_test/src/udp_test/server_pack.cpp:77:9:[m[K [01;31m[Kerror: [m[K‘[01m[KUpdateSpeed[m[K’ was not declared in this scope
   77 |         [01;31m[KUpdateSpeed[m[K(throttle_f,brake_f,dt);
      |         [01;31m[K^~~~~~~~~~~[m[K
make[2]: *** [CMakeFiles/server_pack.dir/build.make:63：CMakeFiles/server_pack.dir/src/udp_test/server_pack.cpp.o] 错误 1
make[1]: *** [CMakeFiles/Makefile2:911：CMakeFiles/server_pack.dir/all] 错误 2
make[1]: *** 正在等待未完成的任务....
make[2]: *** [CMakeFiles/head_udp_src.dir/build.make:63：CMakeFiles/head_udp_src.dir/src/udp_test/server_pack.cpp.o] 错误 1
make[1]: *** [CMakeFiles/Makefile2:884：CMakeFiles/head_udp_src.dir/all] 错误 2
make[2]: *** [CMakeFiles/client.dir/build.make:63：CMakeFiles/client.dir/src/udp_test/client.cpp.o] 错误 1
make[1]: *** [CMakeFiles/Makefile2:188：CMakeFiles/client.dir/all] 错误 2
make: *** [Makefile:141：all] 错误 2
