[01m[K/home/jay/socket/src/socket_test/src/udp_test/server_pack.cpp:[m[K In member function â€˜[01m[Kvoid ServerPack::HandleAccel(int, int, int)[m[Kâ€™:
[01m[K/home/jay/socket/src/socket_test/src/udp_test/server_pack.cpp:116:9:[m[K [01;31m[Kerror: [m[Kâ€˜[01m[Kclass F1Car[m[Kâ€™ has no member named â€˜[01m[KSetEngine[m[Kâ€™
  116 |     car.[01;31m[KSetEngine[m[K(engine_);
      |         [01;31m[K^~~~~~~~~[m[K
[01m[K/home/jay/socket/src/socket_test/src/udp_test/server_pack.cpp:[m[K In member function â€˜[01m[Kvoid ServerPack::HandleAccel(int, int, int)[m[Kâ€™:
[01m[K/home/jay/socket/src/socket_test/src/udp_test/server_pack.cpp:116:9:[m[K [01;31m[Kerror: [m[Kâ€˜[01m[Kclass F1Car[m[Kâ€™ has no member named â€˜[01m[KSetEngine[m[Kâ€™
  116 |     car.[01;31m[KSetEngine[m[K(engine_);
      |         [01;31m[K^~~~~~~~~[m[K
make[2]: *** [CMakeFiles/server_pack.dir/build.make:63ï¼šCMakeFiles/server_pack.dir/src/udp_test/server_pack.cpp.o] é”™è¯¯ 1
make[1]: *** [CMakeFiles/Makefile2:911ï¼šCMakeFiles/server_pack.dir/all] é”™è¯¯ 2
make[1]: *** æ­£åœ¨ç­‰å¾…æœªå®Œæˆçš„ä»»åŠ¡....
make[2]: *** [CMakeFiles/head_udp_src.dir/build.make:63ï¼šCMakeFiles/head_udp_src.dir/src/udp_test/server_pack.cpp.o] é”™è¯¯ 1
make[1]: *** [CMakeFiles/Makefile2:884ï¼šCMakeFiles/head_udp_src.dir/all] é”™è¯¯ 2
make: *** [Makefile:141ï¼šall] é”™è¯¯ 2
