[ 14%] [34m[1mGenerating dynamic reconfigure files from src/cfg/car.cfg: /home/jay/socket/devel/.private/socket_test/include/socket_test/carConfig.h /home/jay/socket/devel/.private/socket_test/lib/python3/dist-packages/socket_test/cfg/carConfig.py[0m
[ 14%] Built target rosgraph_msgs_generate_messages_eus
[ 14%] Built target rosgraph_msgs_generate_messages_cpp
[ 14%] Built target roscpp_generate_messages_nodejs
[ 14%] Built target std_msgs_generate_messages_eus
[ 14%] Built target roscpp_generate_messages_lisp
[ 14%] Built target std_msgs_generate_messages_cpp
[ 14%] Built target roscpp_generate_messages_py
[ 14%] Built target dynamic_reconfigure_generate_messages_cpp
[ 14%] Built target roscpp_generate_messages_eus
[ 14%] Built target rosgraph_msgs_generate_messages_py
[ 14%] Built target std_msgs_generate_messages_nodejs
[ 14%] Built target rosgraph_msgs_generate_messages_lisp
[ 14%] Built target std_msgs_generate_messages_py
[ 14%] Built target rosgraph_msgs_generate_messages_nodejs
[ 14%] Built target roscpp_generate_messages_cpp
[ 14%] Built target dynamic_reconfigure_generate_messages_lisp
[35m[1mScanning dependencies of target server_pack[0m
[ 14%] Built target dynamic_reconfigure_generate_messages_nodejs
[ 14%] Built target std_msgs_generate_messages_lisp
[ 14%] Built target dynamic_reconfigure_generate_messages_eus
[ 14%] Built target dynamic_reconfigure_gencfg
[ 14%] Built target dynamic_reconfigure_generate_messages_py
[ 28%] [32mBuilding CXX object CMakeFiles/server_pack.dir/src/udp_test/server_pack.cpp.o[0m
Generating reconfiguration files for dr in demo02_dr
Wrote header file in /home/jay/socket/devel/.private/socket_test/include/socket_test/drConfig.h
[ 28%] Built target socket_test_gencfg
[35m[1mScanning dependencies of target head_udp_src[0m
[35m[1mScanning dependencies of target client[0m
[ 42%] [32mBuilding CXX object CMakeFiles/head_udp_src.dir/src/udp_test/server_pack.cpp.o[0m
[ 57%] [32mBuilding CXX object CMakeFiles/client.dir/src/udp_test/client.cpp.o[0m
[01m[K/home/jay/socket/src/socket_test/src/udp_test/server_pack.cpp:[m[K In member function â€˜[01m[Kvoid ServerPack::HandleData(char*)[m[Kâ€™:
[01m[K/home/jay/socket/src/socket_test/src/udp_test/server_pack.cpp:87:5:[m[K [01;31m[Kerror: [m[Kâ€˜[01m[Kadd_throttle_[m[Kâ€™ was not declared in this scope; did you mean â€˜[01m[KaddThrottle_[m[Kâ€™?
   87 |     [01;31m[Kadd_throttle_[m[K = change_data[10];
      |     [01;31m[K^~~~~~~~~~~~~[m[K
      |     [32m[KaddThrottle_[m[K
[01m[K/home/jay/socket/src/socket_test/src/udp_test/server_pack.cpp:[m[K In member function â€˜[01m[Kvoid ServerPack::HandleAccel(int, int, int)[m[Kâ€™:
[01m[K/home/jay/socket/src/socket_test/src/udp_test/server_pack.cpp:114:21:[m[K [01;31m[Kerror: [m[Kâ€˜[01m[Kadd_throttle_[m[Kâ€™ was not declared in this scope; did you mean â€˜[01m[KaddThrottle_[m[Kâ€™?
  114 |     car.AddThrottle([01;31m[Kadd_throttle_[m[K);
      |                     [01;31m[K^~~~~~~~~~~~~[m[K
      |                     [32m[KaddThrottle_[m[K
[01m[K/home/jay/socket/src/socket_test/src/udp_test/server_pack.cpp:[m[K In member function â€˜[01m[Kvoid ServerPack::HandleData(char*)[m[Kâ€™:
[01m[K/home/jay/socket/src/socket_test/src/udp_test/server_pack.cpp:87:5:[m[K [01;31m[Kerror: [m[Kâ€˜[01m[Kadd_throttle_[m[Kâ€™ was not declared in this scope; did you mean â€˜[01m[KaddThrottle_[m[Kâ€™?
   87 |     [01;31m[Kadd_throttle_[m[K = change_data[10];
      |     [01;31m[K^~~~~~~~~~~~~[m[K
      |     [32m[KaddThrottle_[m[K
[01m[K/home/jay/socket/src/socket_test/src/udp_test/server_pack.cpp:[m[K In member function â€˜[01m[Kvoid ServerPack::HandleAccel(int, int, int)[m[Kâ€™:
[01m[K/home/jay/socket/src/socket_test/src/udp_test/server_pack.cpp:114:21:[m[K [01;31m[Kerror: [m[Kâ€˜[01m[Kadd_throttle_[m[Kâ€™ was not declared in this scope; did you mean â€˜[01m[KaddThrottle_[m[Kâ€™?
  114 |     car.AddThrottle([01;31m[Kadd_throttle_[m[K);
      |                     [01;31m[K^~~~~~~~~~~~~[m[K
      |                     [32m[KaddThrottle_[m[K
make[2]: *** [CMakeFiles/server_pack.dir/build.make:63ï¼šCMakeFiles/server_pack.dir/src/udp_test/server_pack.cpp.o] é”™è¯¯ 1
make[1]: *** [CMakeFiles/Makefile2:911ï¼šCMakeFiles/server_pack.dir/all] é”™è¯¯ 2
make[1]: *** æ­£åœ¨ç­‰å¾…æœªå®Œæˆçš„ä»»åŠ¡....
make[2]: *** [CMakeFiles/head_udp_src.dir/build.make:63ï¼šCMakeFiles/head_udp_src.dir/src/udp_test/server_pack.cpp.o] é”™è¯¯ 1
make[1]: *** [CMakeFiles/Makefile2:884ï¼šCMakeFiles/head_udp_src.dir/all] é”™è¯¯ 2
[ 71%] [32m[1mLinking CXX executable /home/jay/socket/devel/.private/socket_test/lib/socket_test/client[0m
[ 71%] Built target client
make: *** [Makefile:141ï¼šall] é”™è¯¯ 2
