In file included from [01m[K/home/jay/socket/src/socket_test/src/udp_test/server_pack.cpp:1[m[K:
[01m[K/home/jay/socket/src/socket_test/include/socket_test/server_pack.h:[m[K In member function ‘[01m[Kvoid F1Car::SetGear(int)[m[K’:
[01m[K/home/jay/socket/src/socket_test/include/socket_test/server_pack.h:163:17:[m[K [01;31m[Kerror: [m[Kbreak statement not within loop or switch
  163 |                 [01;31m[Kbreak[m[K;
      |                 [01;31m[K^~~~~[m[K
In file included from [01m[K/home/jay/socket/src/socket_test/src/udp_test/server_pack.cpp:1[m[K:
[01m[K/home/jay/socket/src/socket_test/include/socket_test/server_pack.h:[m[K In member function ‘[01m[Kvoid F1Car::SetGear(int)[m[K’:
[01m[K/home/jay/socket/src/socket_test/include/socket_test/server_pack.h:163:17:[m[K [01;31m[Kerror: [m[Kbreak statement not within loop or switch
  163 |                 [01;31m[Kbreak[m[K;
      |                 [01;31m[K^~~~~[m[K
In file included from [01m[K/home/jay/socket/src/socket_test/src/udp_test/client.cpp:12[m[K:
[01m[K/home/jay/socket/src/socket_test/include/socket_test/server_pack.h:[m[K In member function ‘[01m[Kvoid F1Car::SetGear(int)[m[K’:
[01m[K/home/jay/socket/src/socket_test/include/socket_test/server_pack.h:163:17:[m[K [01;31m[Kerror: [m[Kbreak statement not within loop or switch
  163 |                 [01;31m[Kbreak[m[K;
      |                 [01;31m[K^~~~~[m[K
make[2]: *** [CMakeFiles/server_pack.dir/build.make:63：CMakeFiles/server_pack.dir/src/udp_test/server_pack.cpp.o] 错误 1
make[1]: *** [CMakeFiles/Makefile2:911：CMakeFiles/server_pack.dir/all] 错误 2
make[1]: *** 正在等待未完成的任务....
make[2]: *** [CMakeFiles/head_udp_src.dir/build.make:63：CMakeFiles/head_udp_src.dir/src/udp_test/server_pack.cpp.o] 错误 1
make[1]: *** [CMakeFiles/Makefile2:884：CMakeFiles/head_udp_src.dir/all] 错误 2
make[2]: *** [CMakeFiles/client.dir/build.make:63：CMakeFiles/client.dir/src/udp_test/client.cpp.o] 错误 1
make[1]: *** [CMakeFiles/Makefile2:188：CMakeFiles/client.dir/all] 错误 2
make: *** [Makefile:141：all] 错误 2
