In file included from [01m[K/home/jay/socket/src/socket_test/src/udp_test/server_pack.cpp:1[m[K:
[01m[K/home/jay/socket/src/socket_test/include/socket_test/server_pack.h:[m[K In constructor ‘[01m[KF1Car::F1Car(double, double, double, double, double, double)[m[K’:
[01m[K/home/jay/socket/src/socket_test/include/socket_test/server_pack.h:46:53:[m[K [01;31m[Kerror: [m[Kclass ‘[01m[KF1Car[m[K’ does not have any field named ‘[01m[Kl_accel_max[m[K’
   46 |         speed_(0), accel_(0),speed_max_(speed_max), [01;31m[Kl_accel_max[m[K(accel_max), l_decel_max(decel_max),
      |                                                     [01;31m[K^~~~~~~~~~~[m[K
[01m[K/home/jay/socket/src/socket_test/include/socket_test/server_pack.h:46:77:[m[K [01;31m[Kerror: [m[Kclass ‘[01m[KF1Car[m[K’ does not have any field named ‘[01m[Kl_decel_max[m[K’
   46 |         speed_(0), accel_(0),speed_max_(speed_max), l_accel_max(accel_max), [01;31m[Kl_decel_max[m[K(decel_max),
      |                                                                             [01;31m[K^~~~~~~~~~~[m[K
In file included from [01m[K/home/jay/socket/src/socket_test/src/udp_test/server_pack.cpp:1[m[K:
[01m[K/home/jay/socket/src/socket_test/include/socket_test/server_pack.h:[m[K In constructor ‘[01m[KF1Car::F1Car(double, double, double, double, double, double)[m[K’:
[01m[K/home/jay/socket/src/socket_test/include/socket_test/server_pack.h:46:53:[m[K [01;31m[Kerror: [m[Kclass ‘[01m[KF1Car[m[K’ does not have any field named ‘[01m[Kl_accel_max[m[K’
   46 |         speed_(0), accel_(0),speed_max_(speed_max), [01;31m[Kl_accel_max[m[K(accel_max), l_decel_max(decel_max),
      |                                                     [01;31m[K^~~~~~~~~~~[m[K
[01m[K/home/jay/socket/src/socket_test/include/socket_test/server_pack.h:46:77:[m[K [01;31m[Kerror: [m[Kclass ‘[01m[KF1Car[m[K’ does not have any field named ‘[01m[Kl_decel_max[m[K’
   46 |         speed_(0), accel_(0),speed_max_(speed_max), l_accel_max(accel_max), [01;31m[Kl_decel_max[m[K(decel_max),
      |                                                                             [01;31m[K^~~~~~~~~~~[m[K
In file included from [01m[K/home/jay/socket/src/socket_test/src/udp_test/client.cpp:12[m[K:
[01m[K/home/jay/socket/src/socket_test/include/socket_test/server_pack.h:[m[K In constructor ‘[01m[KF1Car::F1Car(double, double, double, double, double, double)[m[K’:
[01m[K/home/jay/socket/src/socket_test/include/socket_test/server_pack.h:46:53:[m[K [01;31m[Kerror: [m[Kclass ‘[01m[KF1Car[m[K’ does not have any field named ‘[01m[Kl_accel_max[m[K’
   46 |         speed_(0), accel_(0),speed_max_(speed_max), [01;31m[Kl_accel_max[m[K(accel_max), l_decel_max(decel_max),
      |                                                     [01;31m[K^~~~~~~~~~~[m[K
[01m[K/home/jay/socket/src/socket_test/include/socket_test/server_pack.h:46:77:[m[K [01;31m[Kerror: [m[Kclass ‘[01m[KF1Car[m[K’ does not have any field named ‘[01m[Kl_decel_max[m[K’
   46 |         speed_(0), accel_(0),speed_max_(speed_max), l_accel_max(accel_max), [01;31m[Kl_decel_max[m[K(decel_max),
      |                                                                             [01;31m[K^~~~~~~~~~~[m[K
make[2]: *** [CMakeFiles/server_pack.dir/build.make:63：CMakeFiles/server_pack.dir/src/udp_test/server_pack.cpp.o] 错误 1
make[1]: *** [CMakeFiles/Makefile2:911：CMakeFiles/server_pack.dir/all] 错误 2
make[1]: *** 正在等待未完成的任务....
make[2]: *** [CMakeFiles/head_udp_src.dir/build.make:63：CMakeFiles/head_udp_src.dir/src/udp_test/server_pack.cpp.o] 错误 1
make[1]: *** [CMakeFiles/Makefile2:884：CMakeFiles/head_udp_src.dir/all] 错误 2
make[2]: *** [CMakeFiles/client.dir/build.make:63：CMakeFiles/client.dir/src/udp_test/client.cpp.o] 错误 1
make[1]: *** [CMakeFiles/Makefile2:188：CMakeFiles/client.dir/all] 错误 2
make: *** [Makefile:141：all] 错误 2
