[01m[K/home/jay/socket/src/socket_test/src/udp_test/server_pack.cpp:[m[K In constructor â€˜[01m[KServerPack::ServerPack(int16_t, int)[m[Kâ€™:
[01m[K/home/jay/socket/src/socket_test/src/udp_test/server_pack.cpp:12:56:[m[K [01;31m[Kerror: [m[Kâ€˜[01m[KOdomCallback[m[Kâ€™ is not a member of â€˜[01m[KServerPack[m[Kâ€™
   12 |     odom_sub_ = nh_.subscribe("/odom", 1, &ServerPack::[01;31m[KOdomCallback[m[K, this);
      |                                                        [01;31m[K^~~~~~~~~~~~[m[K
[01m[K/home/jay/socket/src/socket_test/src/udp_test/server_pack.cpp:[m[K At global scope:
[01m[K/home/jay/socket/src/socket_test/src/udp_test/server_pack.cpp:63:65:[m[K [01;31m[Kerror: [m[KISO C++ forbids declaration of â€˜[01m[KOdomCallback[m[Kâ€™ with no type [[01;31m[K-fpermissive[m[K]
   63 | ServerPack::OdomCallback(const nav_msgs::Odometry::ConstPtr& msg[01;31m[K)[m[K
      |                                                                 [01;31m[K^[m[K
[01m[K/home/jay/socket/src/socket_test/src/udp_test/server_pack.cpp:63:1:[m[K [01;31m[Kerror: [m[Kno declaration matches â€˜[01m[Kint ServerPack::OdomCallback(const ConstPtr&)[m[Kâ€™
   63 | [01;31m[KServerPack[m[K::OdomCallback(const nav_msgs::Odometry::ConstPtr& msg)
      | [01;31m[K^~~~~~~~~~[m[K
[01m[K/home/jay/socket/src/socket_test/src/udp_test/server_pack.cpp:63:1:[m[K [01;36m[Knote: [m[Kno functions named â€˜[01m[Kint ServerPack::OdomCallback(const ConstPtr&)[m[Kâ€™
In file included from [01m[K/home/jay/socket/src/socket_test/src/udp_test/server_pack.cpp:1[m[K:
[01m[K/home/jay/socket/src/socket_test/include/socket_test/server_pack.h:108:7:[m[K [01;36m[Knote: [m[Kâ€˜[01m[Kclass ServerPack[m[Kâ€™ defined here
  108 | class [01;36m[KServerPack[m[K
      |       [01;36m[K^~~~~~~~~~[m[K
[01m[K/home/jay/socket/src/socket_test/src/udp_test/server_pack.cpp:[m[K In constructor â€˜[01m[KServerPack::ServerPack(int16_t, int)[m[Kâ€™:
[01m[K/home/jay/socket/src/socket_test/src/udp_test/server_pack.cpp:12:56:[m[K [01;31m[Kerror: [m[Kâ€˜[01m[KOdomCallback[m[Kâ€™ is not a member of â€˜[01m[KServerPack[m[Kâ€™
   12 |     odom_sub_ = nh_.subscribe("/odom", 1, &ServerPack::[01;31m[KOdomCallback[m[K, this);
      |                                                        [01;31m[K^~~~~~~~~~~~[m[K
[01m[K/home/jay/socket/src/socket_test/src/udp_test/server_pack.cpp:[m[K At global scope:
[01m[K/home/jay/socket/src/socket_test/src/udp_test/server_pack.cpp:63:65:[m[K [01;31m[Kerror: [m[KISO C++ forbids declaration of â€˜[01m[KOdomCallback[m[Kâ€™ with no type [[01;31m[K-fpermissive[m[K]
   63 | ServerPack::OdomCallback(const nav_msgs::Odometry::ConstPtr& msg[01;31m[K)[m[K
      |                                                                 [01;31m[K^[m[K
[01m[K/home/jay/socket/src/socket_test/src/udp_test/server_pack.cpp:63:1:[m[K [01;31m[Kerror: [m[Kno declaration matches â€˜[01m[Kint ServerPack::OdomCallback(const ConstPtr&)[m[Kâ€™
   63 | [01;31m[KServerPack[m[K::OdomCallback(const nav_msgs::Odometry::ConstPtr& msg)
      | [01;31m[K^~~~~~~~~~[m[K
[01m[K/home/jay/socket/src/socket_test/src/udp_test/server_pack.cpp:63:1:[m[K [01;36m[Knote: [m[Kno functions named â€˜[01m[Kint ServerPack::OdomCallback(const ConstPtr&)[m[Kâ€™
In file included from [01m[K/home/jay/socket/src/socket_test/src/udp_test/server_pack.cpp:1[m[K:
[01m[K/home/jay/socket/src/socket_test/include/socket_test/server_pack.h:108:7:[m[K [01;36m[Knote: [m[Kâ€˜[01m[Kclass ServerPack[m[Kâ€™ defined here
  108 | class [01;36m[KServerPack[m[K
      |       [01;36m[K^~~~~~~~~~[m[K
make[2]: *** [CMakeFiles/server_pack.dir/build.make:63ï¼šCMakeFiles/server_pack.dir/src/udp_test/server_pack.cpp.o] é”™è¯¯ 1
make[1]: *** [CMakeFiles/Makefile2:911ï¼šCMakeFiles/server_pack.dir/all] é”™è¯¯ 2
make[1]: *** æ­£åœ¨ç­‰å¾…æœªå®Œæˆçš„ä»»åŠ¡....
make[2]: *** [CMakeFiles/head_udp_src.dir/build.make:63ï¼šCMakeFiles/head_udp_src.dir/src/udp_test/server_pack.cpp.o] é”™è¯¯ 1
make[1]: *** [CMakeFiles/Makefile2:884ï¼šCMakeFiles/head_udp_src.dir/all] é”™è¯¯ 2
make: *** [Makefile:141ï¼šall] é”™è¯¯ 2
