In file included from [01m[K/home/jay/socket/src/socket_test/src/udp_test/server_pack.cpp:1[m[K:
[01m[K/home/jay/socket/src/socket_test/include/socket_test/server_pack.h:96:5:[m[K [01;31m[Kerror: [m[Kâ€˜[01m[KF1Car::F1Car[m[Kâ€™ names the constructor, not the type
   96 |     [01;31m[KF1Car[m[K::F1Car car(10, 10, 50, 0.3, 1.225 ,1.5);
      |     [01;31m[K^~~~~[m[K
[01m[K/home/jay/socket/src/socket_test/src/udp_test/server_pack.cpp:[m[K In member function â€˜[01m[Kvoid ServerPack::HandleAccel(int, int)[m[Kâ€™:
[01m[K/home/jay/socket/src/socket_test/src/udp_test/server_pack.cpp:77:9:[m[K [01;31m[Kerror: [m[Kâ€˜[01m[Kcar[m[Kâ€™ was not declared in this scope; did you mean â€˜[01m[Kchar[m[Kâ€™?
   77 |         [01;31m[Kcar[m[K.UpdateSpeed(throttle_f,brake_f,dt);
      |         [01;31m[K^~~[m[K
      |         [32m[Kchar[m[K
In file included from [01m[K/home/jay/socket/src/socket_test/src/udp_test/server_pack.cpp:1[m[K:
[01m[K/home/jay/socket/src/socket_test/include/socket_test/server_pack.h:96:5:[m[K [01;31m[Kerror: [m[Kâ€˜[01m[KF1Car::F1Car[m[Kâ€™ names the constructor, not the type
   96 |     [01;31m[KF1Car[m[K::F1Car car(10, 10, 50, 0.3, 1.225 ,1.5);
      |     [01;31m[K^~~~~[m[K
[01m[K/home/jay/socket/src/socket_test/src/udp_test/server_pack.cpp:[m[K In member function â€˜[01m[Kvoid ServerPack::HandleAccel(int, int)[m[Kâ€™:
[01m[K/home/jay/socket/src/socket_test/src/udp_test/server_pack.cpp:77:9:[m[K [01;31m[Kerror: [m[Kâ€˜[01m[Kcar[m[Kâ€™ was not declared in this scope; did you mean â€˜[01m[Kchar[m[Kâ€™?
   77 |         [01;31m[Kcar[m[K.UpdateSpeed(throttle_f,brake_f,dt);
      |         [01;31m[K^~~[m[K
      |         [32m[Kchar[m[K
make[2]: *** [CMakeFiles/server_pack.dir/build.make:63ï¼šCMakeFiles/server_pack.dir/src/udp_test/server_pack.cpp.o] é”™è¯¯ 1
make[1]: *** [CMakeFiles/Makefile2:911ï¼šCMakeFiles/server_pack.dir/all] é”™è¯¯ 2
make[1]: *** æ­£åœ¨ç­‰å¾…æœªå®Œæˆçš„ä»»åŠ¡....
make[2]: *** [CMakeFiles/head_udp_src.dir/build.make:63ï¼šCMakeFiles/head_udp_src.dir/src/udp_test/server_pack.cpp.o] é”™è¯¯ 1
make[1]: *** [CMakeFiles/Makefile2:884ï¼šCMakeFiles/head_udp_src.dir/all] é”™è¯¯ 2
In file included from [01m[K/home/jay/socket/src/socket_test/src/udp_test/client.cpp:12[m[K:
[01m[K/home/jay/socket/src/socket_test/include/socket_test/server_pack.h:96:5:[m[K [01;31m[Kerror: [m[Kâ€˜[01m[KF1Car::F1Car[m[Kâ€™ names the constructor, not the type
   96 |     [01;31m[KF1Car[m[K::F1Car car(10, 10, 50, 0.3, 1.225 ,1.5);
      |     [01;31m[K^~~~~[m[K
make[2]: *** [CMakeFiles/client.dir/build.make:63ï¼šCMakeFiles/client.dir/src/udp_test/client.cpp.o] é”™è¯¯ 1
make[1]: *** [CMakeFiles/Makefile2:188ï¼šCMakeFiles/client.dir/all] é”™è¯¯ 2
make: *** [Makefile:141ï¼šall] é”™è¯¯ 2
