[01m[K/home/jay/socket/src/socket_test/src/udp_test/client.cpp:[m[K In function â€˜[01m[Kvoid control_timer_callback(const ros::TimerEvent&)[m[Kâ€™:
[01m[K/home/jay/socket/src/socket_test/src/udp_test/client.cpp:61:37:[m[K [01;31m[Kerror: [m[Kno matching function for call to â€˜[01m[KF1Car::UpdateSpeed(double&, double&)[m[Kâ€™
   61 |         car.UpdateSpeed(throttle, dt[01;31m[K)[m[K;
      |                                     [01;31m[K^[m[K
In file included from [01m[K/home/jay/socket/src/socket_test/src/udp_test/client.cpp:12[m[K:
[01m[K/home/jay/socket/src/socket_test/include/socket_test/server_pack.h:46:10:[m[K [01;36m[Knote: [m[Kcandidate: â€˜[01m[Kvoid F1Car::UpdateSpeed(double, double, double)[m[Kâ€™
   46 |     void [01;36m[KUpdateSpeed[m[K(double throttle, double brake, double dt)
      |          [01;36m[K^~~~~~~~~~~[m[K
[01m[K/home/jay/socket/src/socket_test/include/socket_test/server_pack.h:46:10:[m[K [01;36m[Knote: [m[K  candidate expects 3 arguments, 2 provided
make[2]: *** [CMakeFiles/client.dir/build.make:63ï¼šCMakeFiles/client.dir/src/udp_test/client.cpp.o] é”™è¯¯ 1
make[1]: *** [CMakeFiles/Makefile2:188ï¼šCMakeFiles/client.dir/all] é”™è¯¯ 2
make: *** [Makefile:141ï¼šall] é”™è¯¯ 2
