[01m[K/home/jay/socket/src/socket_test/src/udp_test/server_pack.cpp:[m[K In constructor ‘[01m[KServerPack::ServerPack(int16_t, int)[m[K’:
[01m[K/home/jay/socket/src/socket_test/src/udp_test/server_pack.cpp:39:35:[m[K [01;31m[Kerror: [m[K‘[01m[KF_GETFL[m[K’ was not declared in this scope
   39 |     int flags = fcntl(server_fd_, [01;31m[KF_GETFL[m[K, 0);
      |                                   [01;31m[K^~~~~~~[m[K
[01m[K/home/jay/socket/src/socket_test/src/udp_test/server_pack.cpp:39:17:[m[K [01;31m[Kerror: [m[K‘[01m[Kfcntl[m[K’ was not declared in this scope
   39 |     int flags = [01;31m[Kfcntl[m[K(server_fd_, F_GETFL, 0);
      |                 [01;31m[K^~~~~[m[K
[01m[K/home/jay/socket/src/socket_test/src/udp_test/server_pack.cpp:[m[K In constructor ‘[01m[KServerPack::ServerPack(int16_t, int)[m[K’:
[01m[K/home/jay/socket/src/socket_test/src/udp_test/server_pack.cpp:39:35:[m[K [01;31m[Kerror: [m[K‘[01m[KF_GETFL[m[K’ was not declared in this scope
   39 |     int flags = fcntl(server_fd_, [01;31m[KF_GETFL[m[K, 0);
      |                                   [01;31m[K^~~~~~~[m[K
[01m[K/home/jay/socket/src/socket_test/src/udp_test/server_pack.cpp:39:17:[m[K [01;31m[Kerror: [m[K‘[01m[Kfcntl[m[K’ was not declared in this scope
   39 |     int flags = [01;31m[Kfcntl[m[K(server_fd_, F_GETFL, 0);
      |                 [01;31m[K^~~~~[m[K
make[2]: *** [CMakeFiles/head_udp_src.dir/build.make:63：CMakeFiles/head_udp_src.dir/src/udp_test/server_pack.cpp.o] 错误 1
make[1]: *** [CMakeFiles/Makefile2:884：CMakeFiles/head_udp_src.dir/all] 错误 2
make[1]: *** 正在等待未完成的任务....
make[2]: *** [CMakeFiles/server_pack.dir/build.make:63：CMakeFiles/server_pack.dir/src/udp_test/server_pack.cpp.o] 错误 1
make[1]: *** [CMakeFiles/Makefile2:911：CMakeFiles/server_pack.dir/all] 错误 2
make: *** [Makefile:141：all] 错误 2
